  207  curl -fsSL https://apt.releases.hashicorp.com/gpg | sudo apt-key add -
  208  sudo apt-add-repository "deb [arch=amd64] https://apt.releases.hashicorp.com $(lsb_release -cs) main"
  209  sudo apt-get update && sudo apt-get install terraform
  210  terraform -help
  211  terraform -help plan
  212  which terraform
  213  touch ~/.bashrc
  214  terraform -install-autocomplete
  215  mkdir learn-terraform-docker-container
  216  cd learn-terraform-docker-container
  217  pwd
  218  cat > main.tf
  219  terraform init
  220  ls
  221  git status
  222  tmux new -s terraform
  223  ls
  224  ls
  225  cd learn-terraform-docker-container/
  226  terraform plan
  227  terraform apply
  228  docker ps
  229  terraform destroy
  230  curl -sL https://aka.ms/InstallAzureCLIDeb | sudo bash
  231  az login
  232  az login --use-device-code
  233  cd ..
  234  history
  235  history > history.out
  236  mkdir learn-terraform-azure
  237  cd learn-terraform-azure
  238  cat > main.tf
  239  terraform init
  240  terraform fmt
  241  ls
  242  terraform validate
  243  terraform apply
  244  terraform apply
  245  terraform show
  246  terraform state list
  247  terraform statee
  248  terraform state
  249  terraform apply
  250  terraform apply
  251  terraform fmt -recurisive
  252  terraform fmt -recursive
  253  terraform apply
  254  terraform show
  255  terraform state list
  256  terraform destroy
  257  ls
  258  cat > variables.tf
  259  terraform apply -var "resource_group_name=myNewResourceGroupName"
  260  terraform apply -var "resource_group_name=myNewResourceGroupName"
  261  cat > outputs.tf
  262  terraform apply 
  263  terraform output resource_group_id
  264   
  265  terraform output resource_group_id
  266  echo "NICE ^^^"
  267  cd ..
  268  ls
  269  mkdir learn-terraform-azure-instance
  270  cd learn-terraform-azure-instance
  271  cat > example.tf
  272  cd ..
  273  terraform fmt -recursive
  274  ls
  275  mkdir history
  276  cd history/
  277  history > history.out
